[1210/203842:ERROR:process_reader_win.cc(142)] SuspendThread: 拒绝访问。 (0x5)
[1210/203842:ERROR:process_reader_win.cc(142)] SuspendThread: 拒绝访问。 (0x5)
[1210/203842:ERROR:process_info.cc(608)] range at 0xff35e000, size 0x230 fully unreadable
[1210/203842:ERROR:process_info.cc(608)] range at 0xff35c000, size 0xf84 fully unreadable
[1210/203842:ERROR:process_info.cc(608)] range at 0xfecb9000, size 0x230 fully unreadable
[1210/203842:ERROR:process_info.cc(608)] range at 0xfecbf000, size 0xf84 fully unreadable
[1210/203842:ERROR:process_reader_win.cc(142)] SuspendThread: 拒绝访问。 (0x5)
[1210/203842:ERROR:process_reader_win.cc(142)] SuspendThread: 拒绝访问。 (0x5)
[1210/203842:ERROR:process_reader_win.cc(142)] SuspendThread: 拒绝访问。 (0x5)
[1210/203842:ERROR:process_info.cc(608)] range at 0xff57e000, size 0x230 fully unreadable
[1210/203842:ERROR:process_info.cc(608)] range at 0xfeb0f000, size 0x230 fully unreadable
[1210/203842:ERROR:process_info.cc(608)] range at 0xff57d000, size 0xf84 fully unreadable
[1210/203842:ERROR:process_info.cc(608)] range at 0xfeb0e000, size 0xf84 fully unreadable
[1210/203843:ERROR:process_reader_win.cc(142)] SuspendThread: 拒绝访问。 (0x5)
[1210/203843:ERROR:process_reader_win.cc(142)] SuspendThread: 拒绝访问。 (0x5)
[1210/203843:ERROR:process_info.cc(608)] range at 0xff56d000, size 0x230 fully unreadable
[1210/203843:ERROR:process_reader_win.cc(142)] SuspendThread: 拒绝访问。 (0x5)
[1210/203843:ERROR:process_reader_win.cc(142)] SuspendThread: 拒绝访问。 (0x5)
[1210/203843:ERROR:process_info.cc(608)] range at 0xffdc5000, size 0x230 fully unreadable
[1210/203843:ERROR:process_info.cc(608)] range at 0xff56c000, size 0xf84 fully unreadable
[1210/203843:ERROR:process_info.cc(608)] range at 0xffdcf000, size 0xf84 fully unreadable
[1210/203843:ERROR:process_reader_win.cc(142)] SuspendThread: 拒绝访问。 (0x5)
[1210/203843:ERROR:process_reader_win.cc(142)] SuspendThread: 拒绝访问。 (0x5)
[1210/203843:ERROR:process_reader_win.cc(142)] SuspendThread: 拒绝访问。 (0x5)
[1210/203843:ERROR:process_info.cc(608)] range at 0xff05c000, size 0x230 fully unreadable
[1210/203843:ERROR:process_info.cc(608)] range at 0xff05f000, size 0xf84 fully unreadable
[1210/203843:ERROR:scoped_process_suspend.cc(38)] NtResumeProcess: 已尝试访问正在退出的过程。  (0xc000010a)
[1210/203843:ERROR:process_reader_win.cc(233)] ReadMemory at 0x1085000 of 45056 bytes failed: 仅完成部分的 ReadProcessMemory 或 WriteProcessMemory 请求。 (0x12B)
[1210/203843:ERROR:crash_report_exception_handler.cc(98)] WriteEverything failed
[1210/203843:ERROR:scoped_process_suspend.cc(38)] NtResumeProcess: 已尝试访问正在退出的过程。  (0xc000010a)
